#
# A fatal error has been detected by the Java Runtime Environment:
#
#  SIGSEGV (0xb) at pc=0x00007fb2a4193671, pid=16767, tid=0x00007fb28c24d700
#
# JRE version: OpenJDK Runtime Environment (8.0_171-b11) (build 1.8.0_171-8u171-b11-2-b11)
# Java VM: OpenJDK 64-Bit Server VM (25.171-b11 mixed mode linux-amd64 compressed oops)
# Problematic frame:
# C  [ld-linux-x86-64.so.2+0x9671]
#
# Failed to write core dump. Core dumps have been disabled. To enable core dumping, try "ulimit -c unlimited" before starting Java again
#
# If you would like to submit a bug report, please visit:
#   http://bugreport.java.com/bugreport/crash.jsp
# The crash happened outside the Java Virtual Machine in native code.
# See problematic frame for where to report the bug.
#

---------------  T H R E A D  ---------------

Current thread (0x00007fb29c084000):  JavaThread "Finalizer" daemon [_thread_in_native, id=16779, stack(0x00007fb28c14d000,0x00007fb28c24e000)]

siginfo: si_signo: 11 (SIGSEGV), si_code: 128 (SI_KERNEL), si_addr: 0x0000000000000000

Registers:
RAX=0x636e7566315f6565, RBX=0x00000000bc8b46fd, RCX=0x0000000000000000, RDX=0x00007fb28c24bc00
RSP=0x00007fb28c24bae0, RBP=0x0000000000000000, RSI=0x00000000bc8b46fd, RDI=0x00007fb238048aa0
R8 =0x00007fb28c24bc10, R9 =0x00007fb2380497d8, R10=0x0000000000000000, R11=0x00007fb2a3b40a54
R12=0x0000000000000000, R13=0x0000000000000003, R14=0x00007fb238048ac0, R15=0x0000000000000000
RIP=0x00007fb2a4193671, EFLAGS=0x0000000000010207, CSGSFS=0x002b000000000033, ERR=0x0000000000000000
  TRAPNO=0x000000000000000d

Top of Stack: (sp=0x00007fb28c24bae0)
0x00007fb28c24bae0:   00007fb28c24c40f 0000000000000000
0x00007fb28c24baf0:   0000000000000000 00007fb238048aa0
0x00007fb28c24bb00:   00000000bc8b46fd 0000000002f22d1b
0x00007fb28c24bb10:   0000000000000000 00007fb28c24bc10
0x00007fb28c24bb20:   00007fb28c24bc00 00007fb2a34d236b
0x00007fb28c24bb30:   0000000000000000 00007fb2a36bf29d
0x00007fb28c24bb40:   00007fb28c24c4d0 00007fb28c24c4d0
0x00007fb28c24bb50:   00007fb28c24c456 00000000bc8b46fd
0x00007fb28c24bb60:   00007fb2380498a8 00007fb28c24bcc8
0x00007fb28c24bb70:   0000000000000000 00007fb238049520
0x00007fb28c24bb80:   0000000000000000 00007fb2a4194217
0x00007fb28c24bb90:   0000000000000000 0000000000000000
0x00007fb28c24bba0:   0000000000000002 0000000000000000
0x00007fb28c24bbb0:   0000000000000000 00007fb238049520
0x00007fb28c24bbc0:   00007fb238048aa0 0000000000000010
0x00007fb28c24bbd0:   00007fb28c24bc00 00007fb28c24bc10
0x00007fb28c24bbe0:   00007fb2380498a8 0000000000000000
0x00007fb28c24bbf0:   00007fb28c24c580 00007fb2a3c648b6
0x00007fb28c24bc00:   00000000ffffffff 00007fb29c084000
0x00007fb28c24bc10:   0000000000000000 0000000000000000
0x00007fb28c24bc20:   00007fb28c24bc40 00007fb2a3122653
0x00007fb28c24bc30:   00007fb29c084000 00007fb29c6dcce0
0x00007fb28c24bc40:   00007fb28c24bd20 00007fb2a35f9b75
0x00007fb28c24bc50:   00007fb29c084000 00007fb238049520
0x00007fb28c24bc60:   0000000000000002 00005645938b6610
0x00007fb28c24bc70:   00007fb2a34c5664 00007fb238048aa0
0x00007fb28c24bc80:   0000000000000000 00007fb2a3c924ab
0x00007fb28c24bc90:   0000000000000002 0000000000000000
0x00007fb28c24bca0:   00007fb29c084db8 00007fb2a06b1370
0x00007fb28c24bcb0:   00007fb2a0819530 0000005249e973ab
0x00007fb28c24bcc0:   00007fb29c084dc0 0000000000000000
0x00007fb28c24bcd0:   0000000000003be9 000000002a2ad5ca 

Instructions: (pc=0x00007fb2a4193671)
0x00007fb2a4193651:   85 cb 06 00 00 66 2e 0f 1f 84 00 00 00 00 00 48
0x00007fb2a4193661:   83 c5 01 49 39 ed 0f 86 c3 01 00 00 49 8b 04 ee
0x00007fb2a4193671:   48 8b 58 28 4c 39 fb 74 e6 44 89 e0 83 e0 02 89
0x00007fb2a4193681:   04 24 74 09 f6 83 14 03 00 00 03 74 d2 f6 83 15 

Register to memory mapping:

RAX=0x636e7566315f6565 is an unknown value
RBX=0x00000000bc8b46fd is an unallocated location in the heap
RCX=0x0000000000000000 is an unknown value
RDX=0x00007fb28c24bc00 is pointing into the stack for thread: 0x00007fb29c084000
RSP=0x00007fb28c24bae0 is pointing into the stack for thread: 0x00007fb29c084000
RBP=0x0000000000000000 is an unknown value
RSI=0x00000000bc8b46fd is an unallocated location in the heap
RDI=0x00007fb238048aa0 is an unknown value
R8 =0x00007fb28c24bc10 is pointing into the stack for thread: 0x00007fb29c084000
R9 =0x00007fb2380497d8 is an unknown value
R10=0x0000000000000000 is an unknown value
R11=0x00007fb2a3b40a54: <offset 0xf60a54> in /usr/lib/jvm/java-8-openjdk-amd64/jre/lib/amd64/server/libjvm.so at 0x00007fb2a2be0000
R12=0x0000000000000000 is an unknown value
R13=0x0000000000000003 is an unknown value
R14=0x00007fb238048ac0 is an unknown value
R15=0x0000000000000000 is an unknown value


Stack: [0x00007fb28c14d000,0x00007fb28c24e000],  sp=0x00007fb28c24bae0,  free space=1018k
Native frames: (J=compiled Java code, j=interpreted, Vv=VM code, C=native code)
C  [ld-linux-x86-64.so.2+0x9671]

Java frames: (J=compiled Java code, j=interpreted, Vv=VM code)
J 1712  java.lang.ClassLoader$NativeLibrary.find(Ljava/lang/String;)J (0 bytes) @ 0x00007fb28d62e58c [0x00007fb28d62e540+0x4c]
j  java.lang.ClassLoader.findNative(Ljava/lang/ClassLoader;Ljava/lang/String;)J+49
v  ~StubRoutines::call_stub
j  org.sqlite.core.NativeDB.free_functions()V+0
j  org.sqlite.core.DB.close()V+102
j  org.sqlite.core.CoreConnection.close()V+26
j  org.sqlite.core.CoreConnection.finalize()V+1
J 1072 C1 java.lang.ref.Finalizer.runFinalizer(Lsun/misc/JavaLangAccess;)V (62 bytes) @ 0x00007fb28d3de904 [0x00007fb28d3de380+0x584]
J 1071 C1 java.lang.ref.Finalizer.access$100(Ljava/lang/ref/Finalizer;Lsun/misc/JavaLangAccess;)V (6 bytes) @ 0x00007fb28d3de01c [0x00007fb28d3ddfc0+0x5c]
j  java.lang.ref.Finalizer$FinalizerThread.run()V+45
v  ~StubRoutines::call_stub

---------------  P R O C E S S  ---------------

Java Threads: ( => current thread )
  0x00007fb29c72a000 JavaThread "ajp-nio-8009-AsyncTimeout" daemon [_thread_blocked, id=16817, stack(0x00007fb24d9b6000,0x00007fb24dab7000)]
  0x00007fb29c728800 JavaThread "ajp-nio-8009-Acceptor-0" daemon [_thread_in_native, id=16816, stack(0x00007fb24dab7000,0x00007fb24dbb8000)]
  0x00007fb29c727000 JavaThread "ajp-nio-8009-ClientPoller-1" daemon [_thread_in_native, id=16815, stack(0x00007fb24dbb8000,0x00007fb24dcb9000)]
  0x00007fb29c74f000 JavaThread "ajp-nio-8009-ClientPoller-0" daemon [_thread_in_native, id=16814, stack(0x00007fb24dcb9000,0x00007fb24ddba000)]
  0x00007fb29c74d000 JavaThread "ajp-nio-8009-exec-10" daemon [_thread_blocked, id=16813, stack(0x00007fb24ddba000,0x00007fb24debb000)]
  0x00007fb29c74b000 JavaThread "ajp-nio-8009-exec-9" daemon [_thread_blocked, id=16812, stack(0x00007fb24debb000,0x00007fb24dfbc000)]
  0x00007fb29c749000 JavaThread "ajp-nio-8009-exec-8" daemon [_thread_blocked, id=16811, stack(0x00007fb24dfbc000,0x00007fb24e0bd000)]
  0x00007fb29c747000 JavaThread "ajp-nio-8009-exec-7" daemon [_thread_blocked, id=16810, stack(0x00007fb24e0bd000,0x00007fb24e1be000)]
  0x00007fb29c745800 JavaThread "ajp-nio-8009-exec-6" daemon [_thread_blocked, id=16809, stack(0x00007fb24e1be000,0x00007fb24e2bf000)]
  0x00007fb29c743800 JavaThread "ajp-nio-8009-exec-5" daemon [_thread_blocked, id=16808, stack(0x00007fb24e2bf000,0x00007fb24e3c0000)]
  0x00007fb29c741800 JavaThread "ajp-nio-8009-exec-4" daemon [_thread_blocked, id=16807, stack(0x00007fb24e3c0000,0x00007fb24e4c1000)]
  0x00007fb29c73f800 JavaThread "ajp-nio-8009-exec-3" daemon [_thread_blocked, id=16806, stack(0x00007fb24e4c1000,0x00007fb24e5c2000)]
  0x00007fb29c73e000 JavaThread "ajp-nio-8009-exec-2" daemon [_thread_blocked, id=16805, stack(0x00007fb24e5c2000,0x00007fb24e6c3000)]
  0x00007fb29c6e8000 JavaThread "ajp-nio-8009-exec-1" daemon [_thread_blocked, id=16804, stack(0x00007fb24e6c3000,0x00007fb24e7c4000)]
  0x00007fb29c6e6800 JavaThread "http-nio-8080-AsyncTimeout" daemon [_thread_blocked, id=16803, stack(0x00007fb24e7c4000,0x00007fb24e8c5000)]
  0x00007fb29c6e5000 JavaThread "http-nio-8080-Acceptor-0" daemon [_thread_in_native, id=16802, stack(0x00007fb24e8c5000,0x00007fb24e9c6000)]
  0x00007fb29c6e2000 JavaThread "http-nio-8080-ClientPoller-1" daemon [_thread_in_native, id=16801, stack(0x00007fb24e9c6000,0x00007fb24eac7000)]
  0x00007fb29c6f2800 JavaThread "http-nio-8080-ClientPoller-0" daemon [_thread_in_native, id=16800, stack(0x00007fb24eac7000,0x00007fb24ebc8000)]
  0x00007fb29c6ef800 JavaThread "http-nio-8080-exec-10" daemon [_thread_blocked, id=16799, stack(0x00007fb24ebc8000,0x00007fb24ecc9000)]
  0x00007fb29c6ed800 JavaThread "http-nio-8080-exec-9" daemon [_thread_blocked, id=16798, stack(0x00007fb24ecc9000,0x00007fb24edca000)]
  0x00007fb29c6ec000 JavaThread "http-nio-8080-exec-8" daemon [_thread_blocked, id=16797, stack(0x00007fb24edca000,0x00007fb24eecb000)]
  0x00007fb29c75e800 JavaThread "http-nio-8080-exec-7" daemon [_thread_blocked, id=16796, stack(0x00007fb24eecb000,0x00007fb24efcc000)]
  0x00007fb29c75c800 JavaThread "http-nio-8080-exec-6" daemon [_thread_blocked, id=16795, stack(0x00007fb24efcc000,0x00007fb24f0cd000)]
  0x00007fb29c75a800 JavaThread "http-nio-8080-exec-5" daemon [_thread_blocked, id=16794, stack(0x00007fb24f0cd000,0x00007fb24f1ce000)]
  0x00007fb29c759000 JavaThread "http-nio-8080-exec-4" daemon [_thread_blocked, id=16793, stack(0x00007fb24f1ce000,0x00007fb24f2cf000)]
  0x00007fb29c6d6800 JavaThread "http-nio-8080-exec-3" daemon [_thread_blocked, id=16792, stack(0x00007fb24f2cf000,0x00007fb24f3d0000)]
  0x00007fb29c758000 JavaThread "http-nio-8080-exec-2" daemon [_thread_blocked, id=16791, stack(0x00007fb24f3d0000,0x00007fb24f4d1000)]
  0x00007fb29c757000 JavaThread "http-nio-8080-exec-1" daemon [_thread_blocked, id=16790, stack(0x00007fb24f4d1000,0x00007fb24f5d2000)]
  0x00007fb29c6db800 JavaThread "ContainerBackgroundProcessor[StandardEngine[Catalina]]" daemon [_thread_in_Java, id=16789, stack(0x00007fb24f5d2000,0x00007fb24f6d3000)]
  0x00007fb29c5b3000 JavaThread "NioBlockingSelector.BlockPoller-2" daemon [_thread_in_native, id=16788, stack(0x00007fb24fad3000,0x00007fb24fbd4000)]
  0x00007fb29c590800 JavaThread "NioBlockingSelector.BlockPoller-1" daemon [_thread_in_native, id=16787, stack(0x00007fb27c0eb000,0x00007fb27c1ec000)]
  0x00007fb29c53f000 JavaThread "GC Daemon" daemon [_thread_blocked, id=16786, stack(0x00007fb27c1f3000,0x00007fb27c2f4000)]
  0x00007fb29c0c4000 JavaThread "Service Thread" daemon [_thread_blocked, id=16784, stack(0x00007fb27fcfd000,0x00007fb27fdfe000)]
  0x00007fb29c0c0800 JavaThread "C1 CompilerThread2" daemon [_thread_blocked, id=16783, stack(0x00007fb27fdff000,0x00007fb27feff000)]
  0x00007fb29c0bf000 JavaThread "C2 CompilerThread1" daemon [_thread_in_native, id=16782, stack(0x00007fb27ff00000,0x00007fb280000000)]
  0x00007fb29c0bc000 JavaThread "C2 CompilerThread0" daemon [_thread_in_native, id=16781, stack(0x00007fb28405e000,0x00007fb28415e000)]
  0x00007fb29c0ba800 JavaThread "Signal Dispatcher" daemon [_thread_blocked, id=16780, stack(0x00007fb28415e000,0x00007fb28425f000)]
=>0x00007fb29c084000 JavaThread "Finalizer" daemon [_thread_in_native, id=16779, stack(0x00007fb28c14d000,0x00007fb28c24e000)]
  0x00007fb29c07f800 JavaThread "Reference Handler" daemon [_thread_blocked, id=16778, stack(0x00007fb28c24e000,0x00007fb28c34f000)]
  0x00007fb29c00a800 JavaThread "main" [_thread_in_native, id=16772, stack(0x00007fb2a27af000,0x00007fb2a28af000)]

Other Threads:
  0x00007fb29c078000 VMThread [stack: 0x00007fb28c350000,0x00007fb28c450000] [id=16777]
  0x00007fb29c0c6800 WatcherThread [stack: 0x00007fb27fbfd000,0x00007fb27fcfd000] [id=16785]

VM state:not at safepoint (normal execution)

VM Mutex/Monitor currently owned by a thread: None

Heap:
 PSYoungGen      total 140800K, used 2820K [0x00000000d7200000, 0x00000000e1800000, 0x0000000100000000)
  eden space 117760K, 2% used [0x00000000d7200000,0x00000000d74c13c8,0x00000000de500000)
  from space 23040K, 0% used [0x00000000e0000000,0x00000000e0000000,0x00000000e1680000)
  to   space 26112K, 0% used [0x00000000de500000,0x00000000de500000,0x00000000dfe80000)
 ParOldGen       total 87040K, used 37172K [0x0000000085600000, 0x000000008ab00000, 0x00000000d7200000)
  object space 87040K, 42% used [0x0000000085600000,0x0000000087a4d2a0,0x000000008ab00000)
 Metaspace       used 20246K, capacity 20730K, committed 21248K, reserved 1069056K
  class space    used 2210K, capacity 2391K, committed 2560K, reserved 1048576K

Card table byte_map: [0x00007fb2a19bb000,0x00007fb2a1d91000] byte_map_base: 0x00007fb2a1590000

Marking Bits: (ParMarkBitMap*) 0x00007fb2a3b40140
 Begin Bits: [0x00007fb2842b0000, 0x00007fb286158000)
 End Bits:   [0x00007fb286158000, 0x00007fb288000000)

Polling page: 0x00007fb2a4189000

CodeCache: size=245760Kb used=8914Kb max_used=8914Kb free=236846Kb
 bounds [0x00007fb28d000000, 0x00007fb28d8d0000, 0x00007fb29c000000]
 total_blobs=2827 nmethods=2431 adapters=309
 compilation: enabled

Compilation events (10 events):
Event: 353,314 Thread 0x00007fb29c0c0800 2778       3       com.sun.jmx.mbeanserver.Repository::retrieveNamedObject (63 bytes)
Event: 353,315 Thread 0x00007fb29c0c0800 nmethod 2778 0x00007fb28d8be610 code [0x00007fb28d8be820, 0x00007fb28d8bf248]
Event: 353,315 Thread 0x00007fb29c0c0800 2779  s    3       org.apache.tomcat.util.modeler.Registry::getRegistry (120 bytes)
Event: 353,315 Thread 0x00007fb29c0c0800 nmethod 2779 0x00007fb28d8bde90 code [0x00007fb28d8be020, 0x00007fb28d8be4c8]
Event: 353,315 Thread 0x00007fb29c0c0800 2780       3       java.lang.Throwable::<init> (29 bytes)
Event: 353,315 Thread 0x00007fb29c0c0800 nmethod 2780 0x00007fb28d8bd990 code [0x00007fb28d8bdb00, 0x00007fb28d8bddc8]
Event: 353,319 Thread 0x00007fb29c0c0800 2781       3       java.io.FileInputStream$1::close (8 bytes)
Event: 353,319 Thread 0x00007fb29c0c0800 nmethod 2781 0x00007fb28d8bd210 code [0x00007fb28d8bd380, 0x00007fb28d8bd568]
Event: 353,319 Thread 0x00007fb29c0c0800 2782       3       java.io.FileInputStream::access$000 (5 bytes)
Event: 353,319 Thread 0x00007fb29c0c0800 nmethod 2782 0x00007fb28d8bce90 code [0x00007fb28d8bd000, 0x00007fb28d8bd168]

GC Heap History (10 events):
Event: 9,838 GC heap before
{Heap before GC invocations=3 (full 0):
 PSYoungGen      total 68608K, used 68592K [0x00000000d7200000, 0x00000000dba00000, 0x0000000100000000)
  eden space 63488K, 100% used [0x00000000d7200000,0x00000000db000000,0x00000000db000000)
  from space 5120K, 99% used [0x00000000db500000,0x00000000db9fc030,0x00000000dba00000)
  to   space 5120K, 0% used [0x00000000db000000,0x00000000db000000,0x00000000db500000)
 ParOldGen       total 84992K, used 9062K [0x0000000085600000, 0x000000008a900000, 0x00000000d7200000)
  object space 84992K, 10% used [0x0000000085600000,0x0000000085ed9b70,0x000000008a900000)
 Metaspace       used 19552K, capacity 20078K, committed 20352K, reserved 1067008K
  class space    used 2168K, capacity 2337K, committed 2432K, reserved 1048576K
Event: 9,862 GC heap after
Heap after GC invocations=3 (full 0):
 PSYoungGen      total 68608K, used 5098K [0x00000000d7200000, 0x00000000df800000, 0x0000000100000000)
  eden space 63488K, 0% used [0x00000000d7200000,0x00000000d7200000,0x00000000db000000)
  from space 5120K, 99% used [0x00000000db000000,0x00000000db4fa940,0x00000000db500000)
  to   space 5120K, 0% used [0x00000000df300000,0x00000000df300000,0x00000000df800000)
 ParOldGen       total 84992K, used 17641K [0x0000000085600000, 0x000000008a900000, 0x00000000d7200000)
  object space 84992K, 20% used [0x0000000085600000,0x000000008673a6a8,0x000000008a900000)
 Metaspace       used 19552K, capacity 20078K, committed 20352K, reserved 1067008K
  class space    used 2168K, capacity 2337K, committed 2432K, reserved 1048576K
}
Event: 222,292 GC heap before
{Heap before GC invocations=4 (full 0):
 PSYoungGen      total 68608K, used 68586K [0x00000000d7200000, 0x00000000df800000, 0x0000000100000000)
  eden space 63488K, 100% used [0x00000000d7200000,0x00000000db000000,0x00000000db000000)
  from space 5120K, 99% used [0x00000000db000000,0x00000000db4fa940,0x00000000db500000)
  to   space 5120K, 0% used [0x00000000df300000,0x00000000df300000,0x00000000df800000)
 ParOldGen       total 84992K, used 17641K [0x0000000085600000, 0x000000008a900000, 0x00000000d7200000)
  object space 84992K, 20% used [0x0000000085600000,0x000000008673a6a8,0x000000008a900000)
 Metaspace       used 19946K, capacity 20434K, committed 20608K, reserved 1067008K
  class space    used 2194K, capacity 2343K, committed 2432K, reserved 1048576K
Event: 222,302 GC heap after
Heap after GC invocations=4 (full 0):
 PSYoungGen      total 132096K, used 5098K [0x00000000d7200000, 0x00000000df800000, 0x0000000100000000)
  eden space 126976K, 0% used [0x00000000d7200000,0x00000000d7200000,0x00000000dee00000)
  from space 5120K, 99% used [0x00000000df300000,0x00000000df7fa920,0x00000000df800000)
  to   space 5120K, 0% used [0x00000000dee00000,0x00000000dee00000,0x00000000df300000)
 ParOldGen       total 84992K, used 19080K [0x0000000085600000, 0x000000008a900000, 0x00000000d7200000)
  object space 84992K, 22% used [0x0000000085600000,0x00000000868a2070,0x000000008a900000)
 Metaspace       used 19946K, capacity 20434K, committed 20608K, reserved 1067008K
  class space    used 2194K, capacity 2343K, committed 2432K, reserved 1048576K
}
Event: 312,843 GC heap before
{Heap before GC invocations=5 (full 0):
 PSYoungGen      total 132096K, used 132074K [0x00000000d7200000, 0x00000000df800000, 0x0000000100000000)
  eden space 126976K, 100% used [0x00000000d7200000,0x00000000dee00000,0x00000000dee00000)
  from space 5120K, 99% used [0x00000000df300000,0x00000000df7fa920,0x00000000df800000)
  to   space 5120K, 0% used [0x00000000dee00000,0x00000000dee00000,0x00000000df300000)
 ParOldGen       total 84992K, used 19080K [0x0000000085600000, 0x000000008a900000, 0x00000000d7200000)
  object space 84992K, 22% used [0x0000000085600000,0x00000000868a2070,0x000000008a900000)
 Metaspace       used 20237K, capacity 20874K, committed 21248K, reserved 1069056K
  class space    used 2224K, capacity 2435K, committed 2560K, reserved 1048576K
Event: 312,858 GC heap after
Heap after GC invocations=5 (full 0):
 PSYoungGen      total 127488K, used 5114K [0x00000000d7200000, 0x00000000e1680000, 0x0000000100000000)
  eden space 122368K, 0% used [0x00000000d7200000,0x00000000d7200000,0x00000000de980000)
  from space 5120K, 99% used [0x00000000dee00000,0x00000000df2fe930,0x00000000df300000)
  to   space 23040K, 0% used [0x00000000e0000000,0x00000000e0000000,0x00000000e1680000)
 ParOldGen       total 84992K, used 35000K [0x0000000085600000, 0x000000008a900000, 0x00000000d7200000)
  object space 84992K, 41% used [0x0000000085600000,0x000000008782e3d0,0x000000008a900000)
 Metaspace       used 20237K, capacity 20874K, committed 21248K, reserved 1069056K
  class space    used 2224K, capacity 2435K, committed 2560K, reserved 1048576K
}
Event: 353,320 GC heap before
{Heap before GC invocations=6 (full 0):
 PSYoungGen      total 127488K, used 120011K [0x00000000d7200000, 0x00000000e1680000, 0x0000000100000000)
  eden space 122368K, 93% used [0x00000000d7200000,0x00000000de234540,0x00000000de980000)
  from space 5120K, 99% used [0x00000000dee00000,0x00000000df2fe930,0x00000000df300000)
  to   space 23040K, 0% used [0x00000000e0000000,0x00000000e0000000,0x00000000e1680000)
 ParOldGen       total 84992K, used 35000K [0x0000000085600000, 0x000000008a900000, 0x00000000d7200000)
  object space 84992K, 41% used [0x0000000085600000,0x000000008782e3d0,0x000000008a900000)
 Metaspace       used 20445K, capacity 21200K, committed 21248K, reserved 1069056K
  class space    used 2252K, capacity 2521K, committed 2560K, reserved 1048576K
Event: 353,342 GC heap after
Heap after GC invocations=6 (full 0):
 PSYoungGen      total 140800K, used 20946K [0x00000000d7200000, 0x00000000e1800000, 0x0000000100000000)
  eden space 117760K, 0% used [0x00000000d7200000,0x00000000d7200000,0x00000000de500000)
  from space 23040K, 90% used [0x00000000e0000000,0x00000000e1474ae8,0x00000000e1680000)
  to   space 26112K, 0% used [0x00000000de500000,0x00000000de500000,0x00000000dfe80000)
 ParOldGen       total 84992K, used 35008K [0x0000000085600000, 0x000000008a900000, 0x00000000d7200000)
  object space 84992K, 41% used [0x0000000085600000,0x00000000878303d0,0x000000008a900000)
 Metaspace       used 20445K, capacity 21200K, committed 21248K, reserved 1069056K
  class space    used 2252K, capacity 2521K, committed 2560K, reserved 1048576K
}
Event: 353,342 GC heap before
{Heap before GC invocations=7 (full 1):
 PSYoungGen      total 140800K, used 20946K [0x00000000d7200000, 0x00000000e1800000, 0x0000000100000000)
  eden space 117760K, 0% used [0x00000000d7200000,0x00000000d7200000,0x00000000de500000)
  from space 23040K, 90% used [0x00000000e0000000,0x00000000e1474ae8,0x00000000e1680000)
  to   space 26112K, 0% used [0x00000000de500000,0x00000000de500000,0x00000000dfe80000)
 ParOldGen       total 84992K, used 35008K [0x0000000085600000, 0x000000008a900000, 0x00000000d7200000)
  object space 84992K, 41% used [0x0000000085600000,0x00000000878303d0,0x000000008a900000)
 Metaspace       used 20445K, capacity 21200K, committed 21248K, reserved 1069056K
  class space    used 2252K, capacity 2521K, committed 2560K, reserved 1048576K
Event: 353,420 GC heap after
Heap after GC invocations=7 (full 1):
 PSYoungGen      total 140800K, used 0K [0x00000000d7200000, 0x00000000e1800000, 0x0000000100000000)
  eden space 117760K, 0% used [0x00000000d7200000,0x00000000d7200000,0x00000000de500000)
  from space 23040K, 0% used [0x00000000e0000000,0x00000000e0000000,0x00000000e1680000)
  to   space 26112K, 0% used [0x00000000de500000,0x00000000de500000,0x00000000dfe80000)
 ParOldGen       total 87040K, used 37172K [0x0000000085600000, 0x000000008ab00000, 0x00000000d7200000)
  object space 87040K, 42% used [0x0000000085600000,0x0000000087a4d2a0,0x000000008ab00000)
 Metaspace       used 20224K, capacity 20632K, committed 21248K, reserved 1069056K
  class space    used 2204K, capacity 2357K, committed 2560K, reserved 1048576K
}

Deoptimization events (10 events):
Event: 11,872 Thread 0x00007fb29c757000 Uncommon trap: reason=class_check action=maybe_recompile pc=0x00007fb28d18309c method=java.lang.String.equals(Ljava/lang/Object;)Z @ 8
Event: 166,597 Thread 0x00007fb29c6ed800 Uncommon trap: reason=unstable_if action=reinterpret pc=0x00007fb28d3648f8 method=java.lang.CharacterDataLatin1.digit(II)I @ 60
Event: 222,241 Thread 0x00007fb29c6db800 Uncommon trap: reason=unstable_if action=reinterpret pc=0x00007fb28d1569c0 method=org.apache.catalina.webresources.AbstractSingleArchiveResourceSet.isMultiRelease()Z @ 4
Event: 222,242 Thread 0x00007fb29c6db800 Uncommon trap: reason=unstable_if action=reinterpret pc=0x00007fb28d34a9fc method=org.apache.catalina.webresources.AbstractSingleArchiveResourceSet.isMultiRelease()Z @ 4
Event: 222,250 Thread 0x00007fb29c6db800 Uncommon trap: reason=unstable_if action=reinterpret pc=0x00007fb28d745a48 method=java.io.UnixFileSystem.parentOrNull(Ljava/lang/String;)Ljava/lang/String; @ 63
Event: 222,428 Thread 0x00007fb29c6db800 Uncommon trap: reason=class_check action=maybe_recompile pc=0x00007fb28d643360 method=com.sun.org.apache.xerces.internal.impl.XMLDocumentFragmentScannerImpl$FragmentContentDriver.next()I @ 1410
Event: 222,434 Thread 0x00007fb29c6db800 Uncommon trap: reason=class_check action=maybe_recompile pc=0x00007fb28d643360 method=com.sun.org.apache.xerces.internal.impl.XMLDocumentFragmentScannerImpl$FragmentContentDriver.next()I @ 1410
Event: 272,541 Thread 0x00007fb29c6db800 Uncommon trap: reason=unstable_if action=reinterpret pc=0x00007fb28d36d130 method=java.io.UnixFileSystem.parentOrNull(Ljava/lang/String;)Ljava/lang/String; @ 63
Event: 312,912 Thread 0x00007fb29c6db800 Uncommon trap: reason=null_check action=make_not_entrant pc=0x00007fb28d7b479c method=org.apache.tomcat.util.digester.RulesBase.lookup(Ljava/lang/String;Ljava/lang/String;)Ljava/util/List; @ 76
Event: 312,912 Thread 0x00007fb29c6db800 Uncommon trap: reason=null_check action=make_not_entrant pc=0x00007fb28d7ab24c method=org.apache.tomcat.util.digester.RulesBase.lookup(Ljava/lang/String;Ljava/lang/String;)Ljava/util/List; @ 76

Classes redefined (0 events):
No events

Internal exceptions (10 events):
Event: 0,866 Thread 0x00007fb29c00a800 Implicit null exception at 0x00007fb28d1feb75 to 0x00007fb28d1fef25
Event: 1,013 Thread 0x00007fb29c00a800 Implicit null exception at 0x00007fb28d37c4b5 to 0x00007fb28d37c6c1
Event: 1,014 Thread 0x00007fb29c00a800 Implicit null exception at 0x00007fb28d383bfb to 0x00007fb28d384659
Event: 1,017 Thread 0x00007fb29c00a800 Exception <a 'java/io/FileNotFoundException'> (0x00000000d8e869b0) thrown at [/build/openjdk-8-WSaTOi/openjdk-8-8u171-b11/src/hotspot/src/share/vm/prims/jni.cpp, line 709]
Event: 1,355 Thread 0x00007fb29c00a800 Exception <a 'java/io/FileNotFoundException'> (0x00000000d834f630) thrown at [/build/openjdk-8-WSaTOi/openjdk-8-8u171-b11/src/hotspot/src/share/vm/prims/jni.cpp, line 709]
Event: 3,576 Thread 0x00007fb29c758000 Exception <a 'java/lang/NullPointerException'> (0x00000000da995d68) thrown at [/build/openjdk-8-WSaTOi/openjdk-8-8u171-b11/src/hotspot/src/share/vm/interpreter/linkResolver.cpp, line 1185]
Event: 7,425 Thread 0x00007fb29c759000 Exception <a 'java/io/IOException'> (0x00000000daca6728) thrown at [/build/openjdk-8-WSaTOi/openjdk-8-8u171-b11/src/hotspot/src/share/vm/prims/jni.cpp, line 709]
Event: 13,589 Thread 0x00007fb29c759000 Exception <a 'java/lang/NullPointerException'> (0x00000000d794c090) thrown at [/build/openjdk-8-WSaTOi/openjdk-8-8u171-b11/src/hotspot/src/share/vm/interpreter/linkResolver.cpp, line 1185]
Event: 312,912 Thread 0x00007fb29c6db800 Implicit null exception at 0x00007fb28d7b274d to 0x00007fb28d7b475d
Event: 312,912 Thread 0x00007fb29c6db800 Implicit null exception at 0x00007fb28d7aa877 to 0x00007fb28d7ab21d

Events (10 events):
Event: 353,424 Executing VM operation: RevokeBias
Event: 353,424 Executing VM operation: RevokeBias done
Event: 353,424 Executing VM operation: RevokeBias
Event: 353,424 Executing VM operation: RevokeBias done
Event: 353,424 Executing VM operation: BulkRevokeBias
Event: 353,425 Executing VM operation: BulkRevokeBias done
Event: 353,425 Executing VM operation: RevokeBias
Event: 353,425 Executing VM operation: RevokeBias done
Event: 353,425 Executing VM operation: BulkRevokeBias
Event: 353,425 Executing VM operation: BulkRevokeBias done


Dynamic libraries:
85600000-8ab00000 rw-p 00000000 00:00 0 
8ab00000-d7200000 ---p 00000000 00:00 0 
d7200000-e1800000 rw-p 00000000 00:00 0 
e1800000-100000000 ---p 00000000 00:00 0 
100000000-100280000 rw-p 00000000 00:00 0 
100280000-140000000 ---p 00000000 00:00 0 
5645932d8000-5645932d9000 r-xp 00000000 08:02 264026                     /usr/lib/jvm/java-8-openjdk-amd64/jre/bin/java
5645934d8000-5645934d9000 r--p 00000000 08:02 264026                     /usr/lib/jvm/java-8-openjdk-amd64/jre/bin/java
5645934d9000-5645934da000 rw-p 00001000 08:02 264026                     /usr/lib/jvm/java-8-openjdk-amd64/jre/bin/java
5645938b6000-5645938d7000 rw-p 00000000 00:00 0                          [heap]
7fb204000000-7fb204021000 rw-p 00000000 00:00 0 
7fb204021000-7fb208000000 ---p 00000000 00:00 0 
7fb20c000000-7fb20c021000 rw-p 00000000 00:00 0 
7fb20c021000-7fb210000000 ---p 00000000 00:00 0 
7fb210000000-7fb210021000 rw-p 00000000 00:00 0 
7fb210021000-7fb214000000 ---p 00000000 00:00 0 
7fb214000000-7fb214021000 rw-p 00000000 00:00 0 
7fb214021000-7fb218000000 ---p 00000000 00:00 0 
7fb218000000-7fb218021000 rw-p 00000000 00:00 0 
7fb218021000-7fb21c000000 ---p 00000000 00:00 0 
7fb21c000000-7fb21c021000 rw-p 00000000 00:00 0 
7fb21c021000-7fb220000000 ---p 00000000 00:00 0 
7fb220000000-7fb220021000 rw-p 00000000 00:00 0 
7fb220021000-7fb224000000 ---p 00000000 00:00 0 
7fb224000000-7fb224021000 rw-p 00000000 00:00 0 
7fb224021000-7fb228000000 ---p 00000000 00:00 0 
7fb228000000-7fb228021000 rw-p 00000000 00:00 0 
7fb228021000-7fb22c000000 ---p 00000000 00:00 0 
7fb22c000000-7fb22c10b000 rw-p 00000000 00:00 0 
7fb22c10b000-7fb230000000 ---p 00000000 00:00 0 
7fb230000000-7fb23002c000 rw-p 00000000 00:00 0 
7fb23002c000-7fb234000000 ---p 00000000 00:00 0 
7fb234000000-7fb23402e000 rw-p 00000000 00:00 0 
7fb23402e000-7fb238000000 ---p 00000000 00:00 0 
7fb238000000-7fb238106000 rw-p 00000000 00:00 0 
7fb238106000-7fb23c000000 ---p 00000000 00:00 0 
7fb23c000000-7fb23c021000 rw-p 00000000 00:00 0 
7fb23c021000-7fb240000000 ---p 00000000 00:00 0 
7fb240000000-7fb240111000 rw-p 00000000 00:00 0 
7fb240111000-7fb244000000 ---p 00000000 00:00 0 
7fb244000000-7fb244021000 rw-p 00000000 00:00 0 
7fb244021000-7fb248000000 ---p 00000000 00:00 0 
7fb248000000-7fb248021000 rw-p 00000000 00:00 0 
7fb248021000-7fb24c000000 ---p 00000000 00:00 0 
7fb24d2c9000-7fb24d309000 rw-p 00000000 00:00 0 
7fb24d309000-7fb24d4c9000 ---p 00000000 00:00 0 
7fb24d4c9000-7fb24d6c9000 rw-p 00000000 00:00 0 
7fb24d9b6000-7fb24d9b9000 ---p 00000000 00:00 0 
7fb24d9b9000-7fb24dab7000 rw-p 00000000 00:00 0 
7fb24dab7000-7fb24daba000 ---p 00000000 00:00 0 
7fb24daba000-7fb24dbb8000 rw-p 00000000 00:00 0 
7fb24dbb8000-7fb24dbbb000 ---p 00000000 00:00 0 
7fb24dbbb000-7fb24dcb9000 rw-p 00000000 00:00 0 
7fb24dcb9000-7fb24dcbc000 ---p 00000000 00:00 0 
7fb24dcbc000-7fb24ddba000 rw-p 00000000 00:00 0 
7fb24ddba000-7fb24ddbd000 ---p 00000000 00:00 0 
7fb24ddbd000-7fb24debb000 rw-p 00000000 00:00 0 
7fb24debb000-7fb24debe000 ---p 00000000 00:00 0 
7fb24debe000-7fb24dfbc000 rw-p 00000000 00:00 0 
7fb24dfbc000-7fb24dfbf000 ---p 00000000 00:00 0 
7fb24dfbf000-7fb24e0bd000 rw-p 00000000 00:00 0 
7fb24e0bd000-7fb24e0c0000 ---p 00000000 00:00 0 
7fb24e0c0000-7fb24e1be000 rw-p 00000000 00:00 0 
7fb24e1be000-7fb24e1c1000 ---p 00000000 00:00 0 
7fb24e1c1000-7fb24e2bf000 rw-p 00000000 00:00 0 
7fb24e2bf000-7fb24e2c2000 ---p 00000000 00:00 0 
7fb24e2c2000-7fb24e3c0000 rw-p 00000000 00:00 0 
7fb24e3c0000-7fb24e3c3000 ---p 00000000 00:00 0 
7fb24e3c3000-7fb24e4c1000 rw-p 00000000 00:00 0 
7fb24e4c1000-7fb24e4c4000 ---p 00000000 00:00 0 
7fb24e4c4000-7fb24e5c2000 rw-p 00000000 00:00 0 
7fb24e5c2000-7fb24e5c5000 ---p 00000000 00:00 0 
7fb24e5c5000-7fb24e6c3000 rw-p 00000000 00:00 0 
7fb24e6c3000-7fb24e6c6000 ---p 00000000 00:00 0 
7fb24e6c6000-7fb24e7c4000 rw-p 00000000 00:00 0 
7fb24e7c4000-7fb24e7c7000 ---p 00000000 00:00 0 
7fb24e7c7000-7fb24e8c5000 rw-p 00000000 00:00 0 
7fb24e8c5000-7fb24e8c8000 ---p 00000000 00:00 0 
7fb24e8c8000-7fb24e9c6000 rw-p 00000000 00:00 0 
7fb24e9c6000-7fb24e9c9000 ---p 00000000 00:00 0 
7fb24e9c9000-7fb24eac7000 rw-p 00000000 00:00 0 
7fb24eac7000-7fb24eaca000 ---p 00000000 00:00 0 
7fb24eaca000-7fb24ebc8000 rw-p 00000000 00:00 0 
7fb24ebc8000-7fb24ebcb000 ---p 00000000 00:00 0 
7fb24ebcb000-7fb24ecc9000 rw-p 00000000 00:00 0 
7fb24ecc9000-7fb24eccc000 ---p 00000000 00:00 0 
7fb24eccc000-7fb24edca000 rw-p 00000000 00:00 0 
7fb24edca000-7fb24edcd000 ---p 00000000 00:00 0 
7fb24edcd000-7fb24eecb000 rw-p 00000000 00:00 0 
7fb24eecb000-7fb24eece000 ---p 00000000 00:00 0 
7fb24eece000-7fb24efcc000 rw-p 00000000 00:00 0 
7fb24efcc000-7fb24efcf000 ---p 00000000 00:00 0 
7fb24efcf000-7fb24f0cd000 rw-p 00000000 00:00 0 
7fb24f0cd000-7fb24f0d0000 ---p 00000000 00:00 0 
7fb24f0d0000-7fb24f1ce000 rw-p 00000000 00:00 0 
7fb24f1ce000-7fb24f1d1000 ---p 00000000 00:00 0 
7fb24f1d1000-7fb24f2cf000 rw-p 00000000 00:00 0 
7fb24f2cf000-7fb24f2d2000 ---p 00000000 00:00 0 
7fb24f2d2000-7fb24f3d0000 rw-p 00000000 00:00 0 
7fb24f3d0000-7fb24f3d3000 ---p 00000000 00:00 0 
7fb24f3d3000-7fb24f4d1000 rw-p 00000000 00:00 0 
7fb24f4d1000-7fb24f4d4000 ---p 00000000 00:00 0 
7fb24f4d4000-7fb24f5d2000 rw-p 00000000 00:00 0 
7fb24f5d2000-7fb24f5d5000 ---p 00000000 00:00 0 
7fb24f5d5000-7fb24f6d3000 rw-p 00000000 00:00 0 
7fb24f6d3000-7fb24f8d3000 rw-p 00000000 00:00 0 
7fb24f8d3000-7fb24fad3000 rw-p 00000000 00:00 0 
7fb24fad3000-7fb24fad6000 ---p 00000000 00:00 0 
7fb24fad6000-7fb24fbd4000 rw-p 00000000 00:00 0 
7fb24fbd4000-7fb24fdd4000 rw-p 00000000 00:00 0 
7fb24fdd4000-7fb24fdfc000 r-xp 00000000 08:02 264092                     /usr/lib/jvm/java-8-openjdk-amd64/jre/lib/amd64/libsunec.so
7fb24fdfc000-7fb24fffb000 ---p 00028000 08:02 264092                     /usr/lib/jvm/java-8-openjdk-amd64/jre/lib/amd64/libsunec.so
7fb24fffb000-7fb24ffff000 r--p 00027000 08:02 264092                     /usr/lib/jvm/java-8-openjdk-amd64/jre/lib/amd64/libsunec.so
7fb24ffff000-7fb250000000 rw-p 0002b000 08:02 264092                     /usr/lib/jvm/java-8-openjdk-amd64/jre/lib/amd64/libsunec.so
7fb250000000-7fb250021000 rw-p 00000000 00:00 0 
7fb250021000-7fb254000000 ---p 00000000 00:00 0 
7fb254000000-7fb254021000 rw-p 00000000 00:00 0 
7fb254021000-7fb258000000 ---p 00000000 00:00 0 
7fb258000000-7fb258d50000 rw-p 00000000 00:00 0 
7fb258d50000-7fb25c000000 ---p 00000000 00:00 0 
7fb25c000000-7fb25c60a000 rw-p 00000000 00:00 0 
7fb25c60a000-7fb260000000 ---p 00000000 00:00 0 
7fb260000000-7fb260021000 rw-p 00000000 00:00 0 
7fb260021000-7fb264000000 ---p 00000000 00:00 0 
7fb264000000-7fb2662fb000 rw-p 00000000 00:00 0 
7fb2662fb000-7fb268000000 ---p 00000000 00:00 0 
7fb268000000-7fb268021000 rw-p 00000000 00:00 0 
7fb268021000-7fb26c000000 ---p 00000000 00:00 0 
7fb26c000000-7fb26c021000 rw-p 00000000 00:00 0 
7fb26c021000-7fb270000000 ---p 00000000 00:00 0 
7fb270000000-7fb270021000 rw-p 00000000 00:00 0 
7fb270021000-7fb274000000 ---p 00000000 00:00 0 
7fb274000000-7fb27413b000 rw-p 00000000 00:00 0 
7fb27413b000-7fb278000000 ---p 00000000 00:00 0 
7fb278000000-7fb278021000 rw-p 00000000 00:00 0 
7fb278021000-7fb27c000000 ---p 00000000 00:00 0 
7fb27c08a000-7fb27c08c000 r--s 0000f000 08:02 4994233                    /home/alemasle/Documents/GLA/.metadata/.plugins/org.eclipse.wst.server.core/tmp0/wtpwebapps/forum/WEB-INF/lib/commons-fileupload-1.3.jar
7fb27c08c000-7fb27c096000 r--s 0005c000 08:02 4991007                    /home/alemasle/Documents/GLA/.metadata/.plugins/org.eclipse.wst.server.core/tmp0/wtpwebapps/forum/WEB-INF/lib/jstl-1.2.jar
7fb27c096000-7fb27c09a000 r--s 00668000 08:02 4991005                    /home/alemasle/Documents/GLA/.metadata/.plugins/org.eclipse.wst.server.core/tmp0/wtpwebapps/forum/WEB-INF/lib/sqlite-jdbc-3.23.1.jar
7fb27c09a000-7fb27c09c000 r--s 00018000 08:02 4991006                    /home/alemasle/Documents/GLA/.metadata/.plugins/org.eclipse.wst.server.core/tmp0/wtpwebapps/forum/WEB-INF/lib/servlet-api-2.5.jar
7fb27c09c000-7fb27c09f000 r--s 00012000 08:02 4994232                    /home/alemasle/Documents/GLA/.metadata/.plugins/org.eclipse.wst.server.core/tmp0/wtpwebapps/forum/WEB-INF/lib/org.apache.commons.io.jar
7fb27c09f000-7fb27c0ad000 r--s 0016d000 08:02 4991004                    /home/alemasle/Documents/GLA/.metadata/.plugins/org.eclipse.wst.server.core/tmp0/wtpwebapps/forum/WEB-INF/lib/hsqldb.jar
7fb27c0ad000-7fb27c0b2000 r--s 002f9000 08:02 264103                     /usr/lib/jvm/java-8-openjdk-amd64/jre/lib/charsets.jar
7fb27c0b2000-7fb27c0c5000 r--s 00346000 08:02 264157                     /usr/lib/jvm/java-8-openjdk-amd64/jre/lib/resources.jar
7fb27c0c5000-7fb27c0eb000 r--p 00000000 08:02 1331281                    /usr/share/locale/fr/LC_MESSAGES/libc.mo
7fb27c0eb000-7fb27c0ee000 ---p 00000000 00:00 0 
7fb27c0ee000-7fb27c1ec000 rw-p 00000000 00:00 0 
7fb27c1ec000-7fb27c1ee000 r--s 00016000 08:02 264148                     /usr/lib/jvm/java-8-openjdk-amd64/jre/lib/jce.jar
7fb27c1ee000-7fb27c1f3000 r--s 0009d000 08:02 264151                     /usr/lib/jvm/java-8-openjdk-amd64/jre/lib/jsse.jar
7fb27c1f3000-7fb27c1f6000 ---p 00000000 00:00 0 
7fb27c1f6000-7fb27c2f4000 rw-p 00000000 00:00 0 
7fb27c2f4000-7fb27c4f4000 rw-p 00000000 00:00 0 
7fb27c4f4000-7fb27c505000 r-xp 00000000 08:02 264086                     /usr/lib/jvm/java-8-openjdk-amd64/jre/lib/amd64/libnio.so
7fb27c505000-7fb27c705000 ---p 00011000 08:02 264086                     /usr/lib/jvm/java-8-openjdk-amd64/jre/lib/amd64/libnio.so
7fb27c705000-7fb27c706000 r--p 00011000 08:02 264086                     /usr/lib/jvm/java-8-openjdk-amd64/jre/lib/amd64/libnio.so
7fb27c706000-7fb27c707000 rw-p 00012000 08:02 264086                     /usr/lib/jvm/java-8-openjdk-amd64/jre/lib/amd64/libnio.so
7fb27c707000-7fb27f708000 rw-p 00000000 00:00 0 
7fb27f708000-7fb27f71e000 r-xp 00000000 08:02 264085                     /usr/lib/jvm/java-8-openjdk-amd64/jre/lib/amd64/libnet.so
7fb27f71e000-7fb27f91e000 ---p 00016000 08:02 264085                     /usr/lib/jvm/java-8-openjdk-amd64/jre/lib/amd64/libnet.so
7fb27f91e000-7fb27f91f000 r--p 00016000 08:02 264085                     /usr/lib/jvm/java-8-openjdk-amd64/jre/lib/amd64/libnet.so
7fb27f91f000-7fb27f920000 rw-p 00017000 08:02 264085                     /usr/lib/jvm/java-8-openjdk-amd64/jre/lib/amd64/libnet.so
7fb27f920000-7fb27f929000 r-xp 00000000 08:02 264082                     /usr/lib/jvm/java-8-openjdk-amd64/jre/lib/amd64/libmanagement.so
7fb27f929000-7fb27fb28000 ---p 00009000 08:02 264082                     /usr/lib/jvm/java-8-openjdk-amd64/jre/lib/amd64/libmanagement.so
7fb27fb28000-7fb27fb29000 r--p 00008000 08:02 264082                     /usr/lib/jvm/java-8-openjdk-amd64/jre/lib/amd64/libmanagement.so
7fb27fb29000-7fb27fb2a000 rw-p 00009000 08:02 264082                     /usr/lib/jvm/java-8-openjdk-amd64/jre/lib/amd64/libmanagement.so
7fb27fb2a000-7fb27fb2c000 r--s 00005000 08:02 4206759                    /home/alemasle/apache-tomcat-9.0.12/lib/jaspic-api.jar
7fb27fb2c000-7fb27fb2e000 r--s 00008000 08:02 4206778                    /home/alemasle/apache-tomcat-9.0.12/lib/websocket-api.jar
7fb27fb2e000-7fb27fb30000 r--s 00007000 08:02 4206773                    /home/alemasle/apache-tomcat-9.0.12/lib/tomcat-jni.jar
7fb27fb30000-7fb27fb43000 r--s 0017f000 08:02 4206754                    /home/alemasle/apache-tomcat-9.0.12/lib/catalina.jar
7fb27fb43000-7fb27fb46000 r--s 0000d000 08:02 4206761                    /home/alemasle/apache-tomcat-9.0.12/lib/jsp-api.jar
7fb27fb46000-7fb27fb49000 r--s 00026000 08:02 4206757                    /home/alemasle/apache-tomcat-9.0.12/lib/jasper-el.jar
7fb27fb49000-7fb27fb4c000 r--s 0001b000 08:02 4206749                    /home/alemasle/apache-tomcat-9.0.12/lib/catalina-ha.jar
7fb27fb4c000-7fb27fb52000 r--s 00046000 08:02 4206753                    /home/alemasle/apache-tomcat-9.0.12/lib/catalina-tribes.jar
7fb27fb52000-7fb27fb55000 r--s 00042000 08:02 4206762                    /home/alemasle/apache-tomcat-9.0.12/lib/servlet-api.jar
7fb27fb55000-7fb27fb5d000 r--s 00081000 08:02 4206758                    /home/alemasle/apache-tomcat-9.0.12/lib/jasper.jar
7fb27fb5d000-7fb27fb5f000 r--s 00008000 08:02 4206769                    /home/alemasle/apache-tomcat-9.0.12/lib/tomcat-i18n-fr.jar
7fb27fb5f000-7fb27fb65000 r--s 00046000 08:02 4206765                    /home/alemasle/apache-tomcat-9.0.12/lib/tomcat-dbcp.jar
7fb27fb65000-7fb27fb68000 r--s 00022000 08:02 4206772                    /home/alemasle/apache-tomcat-9.0.12/lib/tomcat-jdbc.jar
7fb27fb68000-7fb27fb6d000 r--s 00034000 08:02 4206777                    /home/alemasle/apache-tomcat-9.0.12/lib/tomcat-websocket.jar
7fb27fb6d000-7fb27fb6f000 r--s 00011000 08:02 4206752                    /home/alemasle/apache-tomcat-9.0.12/lib/catalina-storeconfig.jar
7fb27fb6f000-7fb27fb71000 r--s 00014000 08:02 4206756                    /home/alemasle/apache-tomcat-9.0.12/lib/el-api.jar
7fb27fb71000-7fb27fb7d000 r--s 000c2000 08:02 4206764                    /home/alemasle/apache-tomcat-9.0.12/lib/tomcat-coyote.jar
7fb27fb7d000-7fb27fb80000 r--s 00020000 08:02 4206776                    /home/alemasle/apache-tomcat-9.0.12/lib/tomcat-util.jar
7fb27fb80000-7fb27fb82000 r--s 0000c000 08:02 4206745                    /home/alemasle/apache-tomcat-9.0.12/lib/catalina-ant.jar
7fb27fb82000-7fb27fbfc000 r--s 010ff000 08:02 264543                     /usr/lib/jvm/java-8-openjdk-amd64/lib/tools.jar
7fb27fbfc000-7fb27fbfd000 ---p 00000000 00:00 0 
7fb27fbfd000-7fb27fcfd000 rw-p 00000000 00:00 0 
7fb27fcfd000-7fb27fd00000 ---p 00000000 00:00 0 
7fb27fd00000-7fb27fdfe000 rw-p 00000000 00:00 0 
7fb27fdfe000-7fb27fdff000 ---p 00000000 00:00 0 
7fb27fdff000-7fb27fe02000 ---p 00000000 00:00 0 
7fb27fe02000-7fb27feff000 rw-p 00000000 00:00 0 
7fb27feff000-7fb27ff00000 ---p 00000000 00:00 0 
7fb27ff00000-7fb27ff03000 ---p 00000000 00:00 0 
7fb27ff03000-7fb280000000 rw-p 00000000 00:00 0 
7fb280000000-7fb280021000 rw-p 00000000 00:00 0 
7fb280021000-7fb284000000 ---p 00000000 00:00 0 
7fb284000000-7fb284001000 r--s 00002000 08:02 4206771                    /home/alemasle/apache-tomcat-9.0.12/lib/tomcat-i18n-ru.jar
7fb284001000-7fb284003000 r--s 00002000 08:02 4206744                    /home/alemasle/apache-tomcat-9.0.12/lib/annotations-api.jar
7fb284003000-7fb284008000 r--s 0002f000 08:02 4206774                    /home/alemasle/apache-tomcat-9.0.12/lib/tomcat-util-scan.jar
7fb284008000-7fb28400a000 r--s 0000e000 08:02 4206768                    /home/alemasle/apache-tomcat-9.0.12/lib/tomcat-i18n-es.jar
7fb28400a000-7fb28400c000 r--s 00009000 08:02 4206770                    /home/alemasle/apache-tomcat-9.0.12/lib/tomcat-i18n-ja.jar
7fb28400c000-7fb284023000 r--s 0028e000 08:02 4206755                    /home/alemasle/apache-tomcat-9.0.12/lib/ecj-4.7.3a.jar
7fb284023000-7fb284025000 r--s 0000a000 08:02 4206726                    /home/alemasle/apache-tomcat-9.0.12/bin/tomcat-juli.jar
7fb284025000-7fb284027000 r--s 00005000 08:02 4206707                    /home/alemasle/apache-tomcat-9.0.12/bin/commons-daemon.jar
7fb284027000-7fb284042000 r--s 001d6000 08:02 264126                     /usr/lib/jvm/java-8-openjdk-amd64/jre/lib/ext/nashorn.jar
7fb284042000-7fb28405d000 r--s 00394000 08:02 264118                     /usr/lib/jvm/java-8-openjdk-amd64/jre/lib/ext/cldrdata.jar
7fb28405d000-7fb28405e000 ---p 00000000 00:00 0 
7fb28405e000-7fb284061000 ---p 00000000 00:00 0 
7fb284061000-7fb28415e000 rw-p 00000000 00:00 0 
7fb28415e000-7fb284161000 ---p 00000000 00:00 0 
7fb284161000-7fb28425f000 rw-p 00000000 00:00 0 
7fb28425f000-7fb2842b0000 r--p 00000000 08:02 134285                     /usr/lib/locale/aa_DJ.utf8/LC_CTYPE
7fb2842b0000-7fb288000000 rw-p 00000000 00:00 0 
7fb288000000-7fb288021000 rw-p 00000000 00:00 0 
7fb288021000-7fb28c000000 ---p 00000000 00:00 0 
7fb28c000000-7fb28c001000 r--s 00002000 08:02 4206763                    /home/alemasle/apache-tomcat-9.0.12/lib/tomcat-api.jar
7fb28c001000-7fb28c003000 r--s 00007000 08:02 4206696                    /home/alemasle/apache-tomcat-9.0.12/bin/bootstrap.jar
7fb28c003000-7fb28c009000 r--s 0003b000 08:02 264129                     /usr/lib/jvm/java-8-openjdk-amd64/jre/lib/ext/sunjce_provider.jar
7fb28c009000-7fb28c00b000 r--s 00008000 08:02 264127                     /usr/lib/jvm/java-8-openjdk-amd64/jre/lib/ext/sunec.jar
7fb28c00b000-7fb28c00e000 r--s 0000f000 08:02 264121                     /usr/lib/jvm/java-8-openjdk-amd64/jre/lib/ext/icedtea-sound.jar
7fb28c00e000-7fb28c00f000 r--s 0000a000 08:02 264123                     /usr/lib/jvm/java-8-openjdk-amd64/jre/lib/ext/jaccess.jar
7fb28c00f000-7fb28c012000 r--s 00038000 08:02 264130                     /usr/lib/jvm/java-8-openjdk-amd64/jre/lib/ext/sunpkcs11.jar
7fb28c012000-7fb28c01c000 r--s 00116000 08:02 264124                     /usr/lib/jvm/java-8-openjdk-amd64/jre/lib/ext/localedata.jar
7fb28c01c000-7fb28c01d000 r--s 00010000 08:02 264132                     /usr/lib/jvm/java-8-openjdk-amd64/jre/lib/ext/zipfs.jar
7fb28c01d000-7fb28c14d000 r--p 00000000 08:02 134284                     /usr/lib/locale/aa_DJ.utf8/LC_COLLATE
7fb28c14d000-7fb28c150000 ---p 00000000 00:00 0 
7fb28c150000-7fb28c24e000 rw-p 00000000 00:00 0 
7fb28c24e000-7fb28c251000 ---p 00000000 00:00 0 
7fb28c251000-7fb28c34f000 rw-p 00000000 00:00 0 
7fb28c34f000-7fb28c350000 ---p 00000000 00:00 0 
7fb28c350000-7fb28d000000 rw-p 00000000 00:00 0 
7fb28d000000-7fb28d8d0000 rwxp 00000000 00:00 0 
7fb28d8d0000-7fb29c000000 ---p 00000000 00:00 0 
7fb29c000000-7fb29c79b000 rw-p 00000000 00:00 0 
7fb29c79b000-7fb2a0000000 ---p 00000000 00:00 0 
7fb2a0000000-7fb2a0002000 r--s 00001000 08:02 264120                     /usr/lib/jvm/java-8-openjdk-amd64/jre/lib/ext/dnsns.jar
7fb2a0002000-7fb2a0004000 r--s 00007000 08:02 1196044                    /usr/share/java/java-atk-wrapper.jar
7fb2a0004000-7fb2a0005000 r--p 00000000 08:02 138424                     /usr/lib/locale/br_FR.utf8/LC_NUMERIC
7fb2a0005000-7fb2a0006000 r--p 00000000 08:02 268267                     /usr/lib/locale/fr_FR.utf8/LC_TIME
7fb2a0006000-7fb2a0007000 r--p 00000000 08:02 138422                     /usr/lib/locale/br_FR.utf8/LC_MONETARY
7fb2a0007000-7fb2a0008000 r--p 00000000 08:02 268253                     /usr/lib/locale/fr_CA.utf8/LC_MESSAGES/SYS_LC_MESSAGES
7fb2a0008000-7fb2a0009000 r--p 00000000 08:02 134293                     /usr/lib/locale/aa_DJ.utf8/LC_PAPER
7fb2a0009000-7fb2a000a000 r--p 00000000 08:02 138423                     /usr/lib/locale/br_FR.utf8/LC_NAME
7fb2a000a000-7fb2a000b000 r--p 00000000 08:02 268180                     /usr/lib/locale/eu_FR.utf8/LC_ADDRESS
7fb2a000b000-7fb2a000c000 r--p 00000000 08:02 138425                     /usr/lib/locale/br_FR.utf8/LC_TELEPHONE
7fb2a000c000-7fb2a0013000 r--s 00000000 08:02 663822                     /usr/lib/x86_64-linux-gnu/gconv/gconv-modules.cache
7fb2a0013000-7fb2a0465000 rw-p 00000000 00:00 0 
7fb2a0465000-7fb2a0634000 r--s 03c2f000 08:02 264158                     /usr/lib/jvm/java-8-openjdk-amd64/jre/lib/rt.jar
7fb2a0634000-7fb2a072d000 rw-p 00000000 00:00 0 
7fb2a072d000-7fb2a1329000 rw-p 00000000 00:00 0 
7fb2a1329000-7fb2a132a000 ---p 00000000 00:00 0 
7fb2a132a000-7fb2a142a000 rw-p 00000000 00:00 0 
7fb2a142a000-7fb2a142b000 ---p 00000000 00:00 0 
7fb2a142b000-7fb2a152b000 rw-p 00000000 00:00 0 
7fb2a152b000-7fb2a152c000 ---p 00000000 00:00 0 
7fb2a152c000-7fb2a162c000 rw-p 00000000 00:00 0 
7fb2a162c000-7fb2a162d000 ---p 00000000 00:00 0 
7fb2a162d000-7fb2a172d000 rw-p 00000000 00:00 0 
7fb2a172d000-7fb2a1758000 rw-p 00000000 00:00 0 
7fb2a1758000-7fb2a19bb000 ---p 00000000 00:00 0 
7fb2a19bb000-7fb2a19e6000 rw-p 00000000 00:00 0 
7fb2a19e6000-7fb2a1c49000 ---p 00000000 00:00 0 
7fb2a1c49000-7fb2a1c9c000 rw-p 00000000 00:00 0 
7fb2a1c9c000-7fb2a1d90000 ---p 00000000 00:00 0 
7fb2a1d90000-7fb2a1db5000 rw-p 00000000 00:00 0 
7fb2a1db5000-7fb2a2151000 ---p 00000000 00:00 0 
7fb2a2151000-7fb2a2159000 r-xp 00000000 08:02 264097                     /usr/lib/jvm/java-8-openjdk-amd64/jre/lib/amd64/libzip.so
7fb2a2159000-7fb2a2358000 ---p 00008000 08:02 264097                     /usr/lib/jvm/java-8-openjdk-amd64/jre/lib/amd64/libzip.so
7fb2a2358000-7fb2a2359000 r--p 00007000 08:02 264097                     /usr/lib/jvm/java-8-openjdk-amd64/jre/lib/amd64/libzip.so
7fb2a2359000-7fb2a235a000 rw-p 00008000 08:02 264097                     /usr/lib/jvm/java-8-openjdk-amd64/jre/lib/amd64/libzip.so
7fb2a235a000-7fb2a2362000 rw-s 00000000 08:02 6697809                    /tmp/hsperfdata_alemasle/16767
7fb2a2362000-7fb2a2390000 r-xp 00000000 08:02 264068                     /usr/lib/jvm/java-8-openjdk-amd64/jre/lib/amd64/libjava.so
7fb2a2390000-7fb2a258f000 ---p 0002e000 08:02 264068                     /usr/lib/jvm/java-8-openjdk-amd64/jre/lib/amd64/libjava.so
7fb2a258f000-7fb2a2590000 r--p 0002d000 08:02 264068                     /usr/lib/jvm/java-8-openjdk-amd64/jre/lib/amd64/libjava.so
7fb2a2590000-7fb2a2592000 rw-p 0002e000 08:02 264068                     /usr/lib/jvm/java-8-openjdk-amd64/jre/lib/amd64/libjava.so
7fb2a2592000-7fb2a25a2000 r-xp 00000000 08:02 264096                     /usr/lib/jvm/java-8-openjdk-amd64/jre/lib/amd64/libverify.so
7fb2a25a2000-7fb2a27a1000 ---p 00010000 08:02 264096                     /usr/lib/jvm/java-8-openjdk-amd64/jre/lib/amd64/libverify.so
7fb2a27a1000-7fb2a27a3000 r--p 0000f000 08:02 264096                     /usr/lib/jvm/java-8-openjdk-amd64/jre/lib/amd64/libverify.so
7fb2a27a3000-7fb2a27a4000 rw-p 00011000 08:02 264096                     /usr/lib/jvm/java-8-openjdk-amd64/jre/lib/amd64/libverify.so
7fb2a27a4000-7fb2a27a6000 r--p 00000000 08:02 663570                     /usr/lib/x86_64-linux-gnu/librt-2.27.so
7fb2a27a6000-7fb2a27aa000 r-xp 00002000 08:02 663570                     /usr/lib/x86_64-linux-gnu/librt-2.27.so
7fb2a27aa000-7fb2a27ac000 r--p 00006000 08:02 663570                     /usr/lib/x86_64-linux-gnu/librt-2.27.so
7fb2a27ac000-7fb2a27ad000 r--p 00007000 08:02 663570                     /usr/lib/x86_64-linux-gnu/librt-2.27.so
7fb2a27ad000-7fb2a27ae000 rw-p 00008000 08:02 663570                     /usr/lib/x86_64-linux-gnu/librt-2.27.so
7fb2a27ae000-7fb2a27af000 ---p 00000000 00:00 0 
7fb2a27af000-7fb2a27b2000 ---p 00000000 00:00 0 
7fb2a27b2000-7fb2a28af000 rw-p 00000000 00:00 0 
7fb2a28af000-7fb2a28b2000 r--p 00000000 08:02 657767                     /usr/lib/x86_64-linux-gnu/libgcc_s.so.1
7fb2a28b2000-7fb2a28c3000 r-xp 00003000 08:02 657767                     /usr/lib/x86_64-linux-gnu/libgcc_s.so.1
7fb2a28c3000-7fb2a28c6000 r--p 00014000 08:02 657767                     /usr/lib/x86_64-linux-gnu/libgcc_s.so.1
7fb2a28c6000-7fb2a28c7000 ---p 00017000 08:02 657767                     /usr/lib/x86_64-linux-gnu/libgcc_s.so.1
7fb2a28c7000-7fb2a28c8000 r--p 00017000 08:02 657767                     /usr/lib/x86_64-linux-gnu/libgcc_s.so.1
7fb2a28c8000-7fb2a28c9000 rw-p 00018000 08:02 657767                     /usr/lib/x86_64-linux-gnu/libgcc_s.so.1
7fb2a28c9000-7fb2a28d5000 r--p 00000000 08:02 663557                     /usr/lib/x86_64-linux-gnu/libm-2.27.so
7fb2a28d5000-7fb2a2987000 r-xp 0000c000 08:02 663557                     /usr/lib/x86_64-linux-gnu/libm-2.27.so
7fb2a2987000-7fb2a2a5b000 r--p 000be000 08:02 663557                     /usr/lib/x86_64-linux-gnu/libm-2.27.so
7fb2a2a5b000-7fb2a2a5c000 r--p 00191000 08:02 663557                     /usr/lib/x86_64-linux-gnu/libm-2.27.so
7fb2a2a5c000-7fb2a2a5d000 rw-p 00192000 08:02 663557                     /usr/lib/x86_64-linux-gnu/libm-2.27.so
7fb2a2a5d000-7fb2a2ae6000 r--p 00000000 08:02 657329                     /usr/lib/x86_64-linux-gnu/libstdc++.so.6.0.25
7fb2a2ae6000-7fb2a2b92000 r-xp 00089000 08:02 657329                     /usr/lib/x86_64-linux-gnu/libstdc++.so.6.0.25
7fb2a2b92000-7fb2a2bd0000 r--p 00135000 08:02 657329                     /usr/lib/x86_64-linux-gnu/libstdc++.so.6.0.25
7fb2a2bd0000-7fb2a2bd1000 ---p 00173000 08:02 657329                     /usr/lib/x86_64-linux-gnu/libstdc++.so.6.0.25
7fb2a2bd1000-7fb2a2bdb000 r--p 00173000 08:02 657329                     /usr/lib/x86_64-linux-gnu/libstdc++.so.6.0.25
7fb2a2bdb000-7fb2a2bdd000 rw-p 0017d000 08:02 657329                     /usr/lib/x86_64-linux-gnu/libstdc++.so.6.0.25
7fb2a2bdd000-7fb2a2be0000 rw-p 00000000 00:00 0 
7fb2a2be0000-7fb2a3871000 r-xp 00000000 08:02 264101                     /usr/lib/jvm/java-8-openjdk-amd64/jre/lib/amd64/server/libjvm.so
7fb2a3871000-7fb2a3a71000 ---p 00c91000 08:02 264101                     /usr/lib/jvm/java-8-openjdk-amd64/jre/lib/amd64/server/libjvm.so
7fb2a3a71000-7fb2a3b04000 r--p 00c91000 08:02 264101                     /usr/lib/jvm/java-8-openjdk-amd64/jre/lib/amd64/server/libjvm.so
7fb2a3b04000-7fb2a3b2c000 rw-p 00d24000 08:02 264101                     /usr/lib/jvm/java-8-openjdk-amd64/jre/lib/amd64/server/libjvm.so
7fb2a3b2c000-7fb2a3b5d000 rw-p 00000000 00:00 0 
7fb2a3b5d000-7fb2a3b5f000 rw-p 00000000 00:00 0 
7fb2a3b5f000-7fb2a3b81000 r--p 00000000 08:02 663553                     /usr/lib/x86_64-linux-gnu/libc-2.27.so
7fb2a3b81000-7fb2a3cc7000 r-xp 00022000 08:02 663553                     /usr/lib/x86_64-linux-gnu/libc-2.27.so
7fb2a3cc7000-7fb2a3d12000 r--p 00168000 08:02 663553                     /usr/lib/x86_64-linux-gnu/libc-2.27.so
7fb2a3d12000-7fb2a3d16000 r--p 001b2000 08:02 663553                     /usr/lib/x86_64-linux-gnu/libc-2.27.so
7fb2a3d16000-7fb2a3d18000 rw-p 001b6000 08:02 663553                     /usr/lib/x86_64-linux-gnu/libc-2.27.so
7fb2a3d18000-7fb2a3d1c000 rw-p 00000000 00:00 0 
7fb2a3d1c000-7fb2a3d1d000 r--p 00000000 08:02 663556                     /usr/lib/x86_64-linux-gnu/libdl-2.27.so
7fb2a3d1d000-7fb2a3d1e000 r-xp 00001000 08:02 663556                     /usr/lib/x86_64-linux-gnu/libdl-2.27.so
7fb2a3d1e000-7fb2a3d1f000 r--p 00002000 08:02 663556                     /usr/lib/x86_64-linux-gnu/libdl-2.27.so
7fb2a3d1f000-7fb2a3d20000 r--p 00002000 08:02 663556                     /usr/lib/x86_64-linux-gnu/libdl-2.27.so
7fb2a3d20000-7fb2a3d21000 rw-p 00003000 08:02 663556                     /usr/lib/x86_64-linux-gnu/libdl-2.27.so
7fb2a3d21000-7fb2a3d2f000 r-xp 00000000 08:02 264047                     /usr/lib/jvm/java-8-openjdk-amd64/jre/lib/amd64/jli/libjli.so
7fb2a3d2f000-7fb2a3f2e000 ---p 0000e000 08:02 264047                     /usr/lib/jvm/java-8-openjdk-amd64/jre/lib/amd64/jli/libjli.so
7fb2a3f2e000-7fb2a3f2f000 r--p 0000d000 08:02 264047                     /usr/lib/jvm/java-8-openjdk-amd64/jre/lib/amd64/jli/libjli.so
7fb2a3f2f000-7fb2a3f30000 rw-p 0000e000 08:02 264047                     /usr/lib/jvm/java-8-openjdk-amd64/jre/lib/amd64/jli/libjli.so
7fb2a3f30000-7fb2a3f4c000 r-xp 00000000 08:02 658533                     /usr/lib/x86_64-linux-gnu/libz.so.1.2.11
7fb2a3f4c000-7fb2a414c000 ---p 0001c000 08:02 658533                     /usr/lib/x86_64-linux-gnu/libz.so.1.2.11
7fb2a414c000-7fb2a414d000 r--p 0001c000 08:02 658533                     /usr/lib/x86_64-linux-gnu/libz.so.1.2.11
7fb2a414d000-7fb2a414e000 rw-p 0001d000 08:02 658533                     /usr/lib/x86_64-linux-gnu/libz.so.1.2.11
7fb2a414e000-7fb2a4154000 r--p 00000000 08:02 663568                     /usr/lib/x86_64-linux-gnu/libpthread-2.27.so
7fb2a4154000-7fb2a4163000 r-xp 00006000 08:02 663568                     /usr/lib/x86_64-linux-gnu/libpthread-2.27.so
7fb2a4163000-7fb2a4169000 r--p 00015000 08:02 663568                     /usr/lib/x86_64-linux-gnu/libpthread-2.27.so
7fb2a4169000-7fb2a416a000 r--p 0001a000 08:02 663568                     /usr/lib/x86_64-linux-gnu/libpthread-2.27.so
7fb2a416a000-7fb2a416b000 rw-p 0001b000 08:02 663568                     /usr/lib/x86_64-linux-gnu/libpthread-2.27.so
7fb2a416b000-7fb2a416f000 rw-p 00000000 00:00 0 
7fb2a416f000-7fb2a4171000 rw-p 00000000 00:00 0 
7fb2a4171000-7fb2a4172000 r--p 00000000 08:02 134288                     /usr/lib/locale/aa_DJ.utf8/LC_MEASUREMENT
7fb2a4172000-7fb2a4173000 r--p 00000000 08:02 268266                     /usr/lib/locale/fr_FR.utf8/LC_IDENTIFICATION
7fb2a4173000-7fb2a4176000 r--p 00000000 08:02 663563                     /usr/lib/x86_64-linux-gnu/libnss_files-2.27.so
7fb2a4176000-7fb2a417d000 r-xp 00003000 08:02 663563                     /usr/lib/x86_64-linux-gnu/libnss_files-2.27.so
7fb2a417d000-7fb2a4180000 r--p 0000a000 08:02 663563                     /usr/lib/x86_64-linux-gnu/libnss_files-2.27.so
7fb2a4180000-7fb2a4181000 r--p 0000c000 08:02 663563                     /usr/lib/x86_64-linux-gnu/libnss_files-2.27.so
7fb2a4181000-7fb2a4182000 rw-p 0000d000 08:02 663563                     /usr/lib/x86_64-linux-gnu/libnss_files-2.27.so
7fb2a4182000-7fb2a4188000 rw-p 00000000 00:00 0 
7fb2a4188000-7fb2a4189000 rw-p 00000000 00:00 0 
7fb2a4189000-7fb2a418a000 r--p 00000000 00:00 0 
7fb2a418a000-7fb2a418b000 r--p 00000000 08:02 663549                     /usr/lib/x86_64-linux-gnu/ld-2.27.so
7fb2a418b000-7fb2a41a9000 r-xp 00001000 08:02 663549                     /usr/lib/x86_64-linux-gnu/ld-2.27.so
7fb2a41a9000-7fb2a41b1000 r--p 0001f000 08:02 663549                     /usr/lib/x86_64-linux-gnu/ld-2.27.so
7fb2a41b1000-7fb2a41b2000 r--p 00026000 08:02 663549                     /usr/lib/x86_64-linux-gnu/ld-2.27.so
7fb2a41b2000-7fb2a41b3000 rw-p 00027000 08:02 663549                     /usr/lib/x86_64-linux-gnu/ld-2.27.so
7fb2a41b3000-7fb2a41b4000 rw-p 00000000 00:00 0 
7ffeb81b0000-7ffeb81d1000 rw-p 00000000 00:00 0                          [stack]
7ffeb81e8000-7ffeb81eb000 r--p 00000000 00:00 0                          [vvar]
7ffeb81eb000-7ffeb81ed000 r-xp 00000000 00:00 0                          [vdso]

VM Arguments:
jvm_args: -Dcatalina.base=/home/alemasle/Documents/GLA/.metadata/.plugins/org.eclipse.wst.server.core/tmp0 -Dcatalina.home=/home/alemasle/apache-tomcat-9.0.12 -Dwtp.deploy=/home/alemasle/Documents/GLA/.metadata/.plugins/org.eclipse.wst.server.core/tmp0/wtpwebapps -Djava.endorsed.dirs=/home/alemasle/apache-tomcat-9.0.12/endorsed -Dfile.encoding=UTF-8 
java_command: org.apache.catalina.startup.Bootstrap start
java_class_path (initial): /home/alemasle/apache-tomcat-9.0.12/bin/bootstrap.jar:/home/alemasle/apache-tomcat-9.0.12/bin/tomcat-juli.jar:/usr/lib/jvm/java-8-openjdk-amd64/lib/tools.jar
Launcher Type: SUN_STANDARD

Environment Variables:
PATH=/home/alemasle/.local/bin:/usr/local/sbin:/usr/sbin:/sbin:/usr/local/bin:/usr/bin:/bin:/usr/local/games:/usr/games
USERNAME=alemasle
SHELL=/bin/bash
DISPLAY=:1

Signal Handlers:
SIGSEGV: [libjvm.so+0xaabcd0], sa_mask[0]=11111111011111111101111111111110, sa_flags=SA_RESTART|SA_SIGINFO
SIGBUS: [libjvm.so+0xaabcd0], sa_mask[0]=11111111011111111101111111111110, sa_flags=SA_RESTART|SA_SIGINFO
SIGFPE: [libjvm.so+0x8e1d50], sa_mask[0]=11111111011111111101111111111110, sa_flags=SA_RESTART|SA_SIGINFO
SIGPIPE: [libjvm.so+0x8e1d50], sa_mask[0]=11111111011111111101111111111110, sa_flags=SA_RESTART|SA_SIGINFO
SIGXFSZ: [libjvm.so+0x8e1d50], sa_mask[0]=11111111011111111101111111111110, sa_flags=SA_RESTART|SA_SIGINFO
SIGILL: [libjvm.so+0x8e1d50], sa_mask[0]=11111111011111111101111111111110, sa_flags=SA_RESTART|SA_SIGINFO
SIGUSR1: SIG_DFL, sa_mask[0]=00000000000000000000000000000000, sa_flags=none
SIGUSR2: [libjvm.so+0x8e1c00], sa_mask[0]=00100000000000000000000000000000, sa_flags=SA_RESTART|SA_SIGINFO
SIGHUP: [libjvm.so+0x8e20b0], sa_mask[0]=11111111011111111101111111111110, sa_flags=SA_RESTART|SA_SIGINFO
SIGINT: [libjvm.so+0x8e20b0], sa_mask[0]=11111111011111111101111111111110, sa_flags=SA_RESTART|SA_SIGINFO
SIGTERM: [libjvm.so+0x8e20b0], sa_mask[0]=11111111011111111101111111111110, sa_flags=SA_RESTART|SA_SIGINFO
SIGQUIT: [libjvm.so+0x8e20b0], sa_mask[0]=11111111011111111101111111111110, sa_flags=SA_RESTART|SA_SIGINFO


---------------  S Y S T E M  ---------------

OS:DISTRIB_ID=Kali
DISTRIB_RELEASE=kali-rolling
DISTRIB_CODENAME=kali-rolling
DISTRIB_DESCRIPTION="Kali GNU/Linux Rolling"

uname:Linux 4.18.0-kali1-amd64 #1 SMP Debian 4.18.6-1kali1 (2018-09-10) x86_64
libc:glibc 2.27 NPTL 2.27 
rlimit: STACK 8192k, CORE 0k, NPROC 31065, NOFILE 1048576, AS infinity
load average:1,19 1,10 1,16

/proc/meminfo:
MemTotal:        8030804 kB
MemFree:         3372424 kB
MemAvailable:    4590504 kB
Buffers:          104684 kB
Cached:          1560448 kB
SwapCached:            0 kB
Active:          3490136 kB
Inactive:         868928 kB
Active(anon):    2694832 kB
Inactive(anon):   279540 kB
Active(file):     795304 kB
Inactive(file):   589388 kB
Unevictable:          32 kB
Mlocked:              32 kB
SwapTotal:       8247292 kB
SwapFree:        8247292 kB
Dirty:               220 kB
Writeback:             0 kB
AnonPages:       2596364 kB
Mapped:           480428 kB
Shmem:            280444 kB
Slab:             179564 kB
SReclaimable:     102664 kB
SUnreclaim:        76900 kB
KernelStack:       13840 kB
PageTables:        31040 kB
NFS_Unstable:          0 kB
Bounce:                0 kB
WritebackTmp:          0 kB
CommitLimit:    12262692 kB
Committed_AS:    8333544 kB
VmallocTotal:   34359738367 kB
VmallocUsed:           0 kB
VmallocChunk:          0 kB
HardwareCorrupted:     0 kB
AnonHugePages:   1167360 kB
ShmemHugePages:        0 kB
ShmemPmdMapped:        0 kB
HugePages_Total:       0
HugePages_Free:        0
HugePages_Rsvd:        0
HugePages_Surp:        0
Hugepagesize:       2048 kB
Hugetlb:               0 kB
DirectMap4k:      178700 kB
DirectMap2M:     7020544 kB
DirectMap1G:     1048576 kB


CPU:total 4 (initial active 4) (2 cores per cpu, 2 threads per core) family 6 model 142 stepping 9, cmov, cx8, fxsr, mmx, sse, sse2, sse3, ssse3, sse4.1, sse4.2, popcnt, avx, avx2, aes, clmul, erms, 3dnowpref, lzcnt, ht, tsc, tscinvbit, bmi1, bmi2, adx

/proc/cpuinfo:
processor	: 0
vendor_id	: GenuineIntel
cpu family	: 6
model		: 142
model name	: Intel(R) Core(TM) i3-7100U CPU @ 2.40GHz
stepping	: 9
microcode	: 0x8e
cpu MHz		: 2400.000
cache size	: 3072 KB
physical id	: 0
siblings	: 4
core id		: 0
cpu cores	: 2
apicid		: 0
initial apicid	: 0
fpu		: yes
fpu_exception	: yes
cpuid level	: 22
wp		: yes
flags		: fpu vme de pse tsc msr pae mce cx8 apic sep mtrr pge mca cmov pat pse36 clflush dts acpi mmx fxsr sse sse2 ss ht tm pbe syscall nx pdpe1gb rdtscp lm constant_tsc art arch_perfmon pebs bts rep_good nopl xtopology nonstop_tsc cpuid aperfmperf tsc_known_freq pni pclmulqdq dtes64 monitor ds_cpl vmx est tm2 ssse3 sdbg fma cx16 xtpr pdcm pcid sse4_1 sse4_2 x2apic movbe popcnt tsc_deadline_timer aes xsave avx f16c rdrand lahf_lm abm 3dnowprefetch cpuid_fault epb invpcid_single pti ssbd ibrs ibpb stibp tpr_shadow vnmi flexpriority ept vpid fsgsbase tsc_adjust bmi1 avx2 smep bmi2 erms invpcid mpx rdseed adx smap clflushopt intel_pt xsaveopt xsavec xgetbv1 xsaves dtherm arat pln pts hwp hwp_notify hwp_act_window hwp_epp flush_l1d
bugs		: cpu_meltdown spectre_v1 spectre_v2 spec_store_bypass l1tf
bogomips	: 4800.00
clflush size	: 64
cache_alignment	: 64
address sizes	: 39 bits physical, 48 bits virtual
power management:

processor	: 1
vendor_id	: GenuineIntel
cpu family	: 6
model		: 142
model name	: Intel(R) Core(TM) i3-7100U CPU @ 2.40GHz
stepping	: 9
microcode	: 0x8e
cpu MHz		: 2400.001
cache size	: 3072 KB
physical id	: 0
siblings	: 4
core id		: 1
cpu cores	: 2
apicid		: 2
initial apicid	: 2
fpu		: yes
fpu_exception	: yes
cpuid level	: 22
wp		: yes
flags		: fpu vme de pse tsc msr pae mce cx8 apic sep mtrr pge mca cmov pat pse36 clflush dts acpi mmx fxsr sse sse2 ss ht tm pbe syscall nx pdpe1gb rdtscp lm constant_tsc art arch_perfmon pebs bts rep_good nopl xtopology nonstop_tsc cpuid aperfmperf tsc_known_freq pni pclmulqdq dtes64 monitor ds_cpl vmx est tm2 ssse3 sdbg fma cx16 xtpr pdcm pcid sse4_1 sse4_2 x2apic movbe popcnt tsc_deadline_timer aes xsave avx f16c rdrand lahf_lm abm 3dnowprefetch cpuid_fault epb invpcid_single pti tpr_shadow vnmi flexpriority ept vpid fsgsbase tsc_adjust bmi1 avx2 smep bmi2 erms invpcid mpx rdseed adx smap clflushopt intel_pt xsaveopt xsavec xgetbv1 xsaves dtherm arat pln pts hwp hwp_notify hwp_act_window hwp_epp
bugs		: cpu_meltdown spectre_v1 spectre_v2 spec_store_bypass l1tf
bogomips	: 4800.00
clflush size	: 64
cache_alignment	: 64
address sizes	: 39 bits physical, 48 bits virtual
power management:

processor	: 2
vendor_id	: GenuineIntel
cpu family	: 6
model		: 142
model name	: Intel(R) Core(TM) i3-7100U CPU @ 2.40GHz
stepping	: 9
microcode	: 0x8e
cpu MHz		: 2400.000
cache size	: 3072 KB
physical id	: 0
siblings	: 4
core id		: 0
cpu cores	: 2
apicid		: 1
initial apicid	: 1
fpu		: yes
fpu_exception	: yes
cpuid level	: 22
wp		: yes
flags		: fpu vme de pse tsc msr pae mce cx8 apic sep mtrr pge mca cmov pat pse36 clflush dts acpi mmx fxsr sse sse2 ss ht tm pbe syscall nx pdpe1gb rdtscp lm constant_tsc art arch_perfmon pebs bts rep_good nopl xtopology nonstop_tsc cpuid aperfmperf tsc_known_freq pni pclmulqdq dtes64 monitor ds_cpl vmx est tm2 ssse3 sdbg fma cx16 xtpr pdcm pcid sse4_1 sse4_2 x2apic movbe popcnt tsc_deadline_timer aes xsave avx f16c rdrand lahf_lm abm 3dnowprefetch cpuid_fault epb invpcid_single pti ssbd ibrs ibpb stibp tpr_shadow vnmi flexpriority ept vpid fsgsbase tsc_adjust bmi1 avx2 smep bmi2 erms invpcid mpx rdseed adx smap clflushopt intel_pt xsaveopt xsavec xgetbv1 xsaves dtherm arat pln pts hwp hwp_notify hwp_act_window hwp_epp flush_l1d
bugs		: cpu_meltdown spectre_v1 spectre_v2 spec_store_bypass l1tf
bogomips	: 4800.00
clflush size	: 64
cache_alignment	: 64
address sizes	: 39 bits physical, 48 bits virtual
power management:

processor	: 3
vendor_id	: GenuineIntel
cpu family	: 6
model		: 142
model name	: Intel(R) Core(TM) i3-7100U CPU @ 2.40GHz
stepping	: 9
microcode	: 0x8e
cpu MHz		: 2400.016
cache size	: 3072 KB
physical id	: 0
siblings	: 4
core id		: 1
cpu cores	: 2
apicid		: 3
initial apicid	: 3
fpu		: yes
fpu_exception	: yes
cpuid level	: 22
wp		: yes
flags		: fpu vme de pse tsc msr pae mce cx8 apic sep mtrr pge mca cmov pat pse36 clflush dts acpi mmx fxsr sse sse2 ss ht tm pbe syscall nx pdpe1gb rdtscp lm constant_tsc art arch_perfmon pebs bts rep_good nopl xtopology nonstop_tsc cpuid aperfmperf tsc_known_freq pni pclmulqdq dtes64 monitor ds_cpl vmx est tm2 ssse3 sdbg fma cx16 xtpr pdcm pcid sse4_1 sse4_2 x2apic movbe popcnt tsc_deadline_timer aes xsave avx f16c rdrand lahf_lm abm 3dnowprefetch cpuid_fault epb invpcid_single pti ssbd ibrs ibpb stibp tpr_shadow vnmi flexpriority ept vpid fsgsbase tsc_adjust bmi1 avx2 smep bmi2 erms invpcid mpx rdseed adx smap clflushopt intel_pt xsaveopt xsavec xgetbv1 xsaves dtherm arat pln pts hwp hwp_notify hwp_act_window hwp_epp flush_l1d
bugs		: cpu_meltdown spectre_v1 spectre_v2 spec_store_bypass l1tf
bogomips	: 4800.00
clflush size	: 64
cache_alignment	: 64
address sizes	: 39 bits physical, 48 bits virtual
power management:



Memory: 4k page, physical 8030804k(3371184k free), swap 8247292k(8247292k free)

vm_info: OpenJDK 64-Bit Server VM (25.171-b11) for linux-amd64 JRE (1.8.0_171-8u171-b11-2-b11), built on May 17 2018 20:17:27 by "buildd" with gcc 7.3.0

time: Tue Oct 16 13:09:00 2018
elapsed time: 353 seconds (0d 0h 5m 53s)

